<?xml version="1.0" encoding="UTF-8"?>
<coverage generated="1785590457464" clover="3.2.0">
  <project timestamp="1785590457464" name="All files">
    <metrics statements="17" coveredstatements="9" conditionals="0" coveredconditionals="0" methods="5" coveredmethods="4" elements="22" coveredelements="13" complexity="0" loc="17" ncloc="17" packages="1" files="3" classes="3"/>
    <file name="app.module.ts" path="/Users/romankirillov/Desktop/project/web-plus-backend-testing-1/src/app.module.ts">
      <metrics statements="3" coveredstatements="0" conditionals="0" coveredconditionals="0" methods="0" coveredmethods="0"/>
      <line num="1" count="0" type="stmt"/>
      <line num="2" count="0" type="stmt"/>
      <line num="8" count="0" type="stmt"/>
    </file>
    <file name="main.ts" path="/Users/romankirillov/Desktop/project/web-plus-backend-testing-1/src/main.ts">
      <metrics statements="5" coveredstatements="0" conditionals="0" coveredconditionals="0" methods="1" coveredmethods="0"/>
      <line num="1" count="0" type="stmt"/>
      <line num="2" count="0" type="stmt"/>
      <line num="5" count="0" type="stmt"/>
      <line num="6" count="0" type="stmt"/>
      <line num="8" count="0" type="stmt"/>
    </file>
    <file name="posts.service.ts" path="/Users/romankirillov/Desktop/project/web-plus-backend-testing-1/src/posts.service.ts">
      <metrics statements="9" coveredstatements="9" conditionals="0" coveredconditionals="0" methods="4" coveredmethods="4"/>
      <line num="1" count="1" type="stmt"/>
      <line num="10" count="1" type="stmt"/>
      <line num="11" count="2" type="stmt"/>
      <line num="12" count="2" type="stmt"/>
      <line num="15" count="4" type="stmt"/>
      <line num="21" count="4" type="stmt"/>
      <line num="23" count="4" type="stmt"/>
      <line num="25" count="4" type="stmt"/>
      <line num="29" count="4" type="stmt"/>
    </file>
  </project>
</coverage>
