{"/Users/romankirillov/Desktop/project/web-plus-backend-testing-1/src/app.module.ts": {"path":"/Users/romankirillov/Desktop/project/web-plus-backend-testing-1/src/app.module.ts","statementMap":{"0":{"start":{"line":1,"column":0},"end":{"line":1,"column":40}},"1":{"start":{"line":2,"column":0},"end":{"line":2,"column":47}},"2":{"start":{"line":8,"column":7},"end":{"line":8,"column":null}},"3":{"start":{"line":8,"column":13},"end":{"line":8,"column":null}},"4":{"start":{"line":8,"column":13},"end":{"line":8,"column":22}}},"fnMap":{},"branchMap":{},"s":{"0":0,"1":0,"2":0,"3":0,"4":0},"f":{},"b":{}}
,"/Users/romankirillov/Desktop/project/web-plus-backend-testing-1/src/main.ts": {"path":"/Users/romankirillov/Desktop/project/web-plus-backend-testing-1/src/main.ts","statementMap":{"0":{"start":{"line":1,"column":0},"end":{"line":1,"column":43}},"1":{"start":{"line":2,"column":0},"end":{"line":2,"column":41}},"2":{"start":{"line":5,"column":14},"end":{"line":5,"column":49}},"3":{"start":{"line":6,"column":2},"end":{"line":6,"column":25}},"4":{"start":{"line":8,"column":0},"end":{"line":8,"column":12}}},"fnMap":{"0":{"name":"bootstrap","decl":{"start":{"line":4,"column":15},"end":{"line":4,"column":24}},"loc":{"start":{"line":4,"column":24},"end":{"line":7,"column":1}}}},"branchMap":{},"s":{"0":0,"1":0,"2":0,"3":0,"4":0},"f":{"0":0},"b":{}}
,"/Users/romankirillov/Desktop/project/web-plus-backend-testing-1/src/posts.service.ts": {"path":"/Users/romankirillov/Desktop/project/web-plus-backend-testing-1/src/posts.service.ts","statementMap":{"0":{"start":{"line":1,"column":0},"end":{"line":1,"column":44}},"1":{"start":{"line":10,"column":7},"end":{"line":31,"column":null}},"2":{"start":{"line":11,"column":10},"end":{"line":11,"column":29}},"3":{"start":{"line":12,"column":10},"end":{"line":12,"column":25}},"4":{"start":{"line":15,"column":27},"end":{"line":18,"column":null}},"5":{"start":{"line":21,"column":4},"end":{"line":21,"column":22}},"6":{"start":{"line":23,"column":4},"end":{"line":23,"column":39}},"7":{"start":{"line":25,"column":4},"end":{"line":25,"column":29}},"8":{"start":{"line":29,"column":4},"end":{"line":29,"column":54}},"9":{"start":{"line":29,"column":39},"end":{"line":29,"column":52}},"10":{"start":{"line":10,"column":13},"end":{"line":31,"column":null}},"11":{"start":{"line":10,"column":13},"end":{"line":10,"column":25}}},"fnMap":{"0":{"name":"(anonymous_1)","decl":{"start":{"line":10,"column":7},"end":{"line":10,"column":13}},"loc":{"start":{"line":10,"column":7},"end":{"line":31,"column":1}}},"1":{"name":"(anonymous_2)","decl":{"start":{"line":14,"column":2},"end":{"line":14,"column":8}},"loc":{"start":{"line":14,"column":40},"end":{"line":26,"column":3}}},"2":{"name":"(anonymous_3)","decl":{"start":{"line":28,"column":2},"end":{"line":28,"column":6}},"loc":{"start":{"line":28,"column":21},"end":{"line":30,"column":3}}},"3":{"name":"(anonymous_4)","decl":{"start":{"line":29,"column":27},"end":{"line":29,"column":28}},"loc":{"start":{"line":29,"column":39},"end":{"line":29,"column":52}}}},"branchMap":{},"s":{"0":1,"1":1,"2":2,"3":2,"4":4,"5":4,"6":4,"7":4,"8":1,"9":2,"10":1,"11":1},"f":{"0":2,"1":4,"2":1,"3":2},"b":{}}
}
